# JRE version: Java(TM) SE Runtime Environment (14.0.2+12) (build 14.0.2+12-46)
# Java VM: Java HotSpot(TM) 64-Bit Server VM (14.0.2+12-46, mixed mode, sharing, tiered, compressed oops, g1 gc, windows-amd64)
Heap:
 garbage-first heap   total 61440K, used 38001K [0x00000000c5000000, 0x0000000100000000)
  region size 1024K, 35 young (35840K), 1 survivors (1024K)
 Metaspace       used 8691K, capacity 8895K, committed 9088K, reserved 1056768K
  class space    used 974K, capacity 1090K, committed 1152K, reserved 1048576K
GC Heap History (16 events):
Event: 5.747 GC heap before
{Heap before GC invocations=0 (full 0):
 garbage-first heap   total 61440K, used 9216K [0x00000000c5000000, 0x0000000100000000)
  region size 1024K, 6 young (6144K), 0 survivors (0K)
 Metaspace       used 8058K, capacity 8284K, committed 8576K, reserved 1056768K
  class space    used 945K, capacity 1058K, committed 1152K, reserved 1048576K
}
Event: 5.753 GC heap after
{Heap after GC invocations=1 (full 0):
 garbage-first heap   total 61440K, used 4132K [0x00000000c5000000, 0x0000000100000000)
  region size 1024K, 1 young (1024K), 1 survivors (1024K)
 Metaspace       used 8058K, capacity 8284K, committed 8576K, reserved 1056768K
  class space    used 945K, capacity 1058K, committed 1152K, reserved 1048576K
}
Event: 5.832 GC heap before
{Heap before GC invocations=1 (full 0):
 garbage-first heap   total 61440K, used 8228K [0x00000000c5000000, 0x0000000100000000)
  region size 1024K, 5 young (5120K), 1 survivors (1024K)
 Metaspace       used 8294K, capacity 8508K, committed 8576K, reserved 1056768K
  class space    used 972K, capacity 1090K, committed 1152K, reserved 1048576K
}
Event: 5.836 GC heap after
{Heap after GC invocations=2 (full 0):
 garbage-first heap   total 61440K, used 4568K [0x00000000c5000000, 0x0000000100000000)
  region size 1024K, 1 young (1024K), 1 survivors (1024K)
 Metaspace       used 8294K, capacity 8508K, committed 8576K, reserved 1056768K
  class space    used 972K, capacity 1090K, committed 1152K, reserved 1048576K
}
Event: 34.436 GC heap before
{Heap before GC invocations=2 (full 0):
 garbage-first heap   total 61440K, used 13784K [0x00000000c5000000, 0x0000000100000000)
  region size 1024K, 10 young (10240K), 1 survivors (1024K)
 Metaspace       used 8637K, capacity 8831K, committed 9088K, reserved 1056768K
  class space    used 973K, capacity 1090K, committed 1152K, reserved 1048576K
}
Event: 34.439 GC heap after
{Heap after GC invocations=3 (full 0):
 garbage-first heap   total 61440K, used 4876K [0x00000000c5000000, 0x0000000100000000)
  region size 1024K, 1 young (1024K), 1 survivors (1024K)
 Metaspace       used 8637K, capacity 8831K, committed 9088K, reserved 1056768K
  class space    used 973K, capacity 1090K, committed 1152K, reserved 1048576K
}
Event: 1048.250 GC heap before
{Heap before GC invocations=3 (full 0):
 garbage-first heap   total 61440K, used 39692K [0x00000000c5000000, 0x0000000100000000)
  region size 1024K, 35 young (35840K), 1 survivors (1024K)
 Metaspace       used 8682K, capacity 8895K, committed 9088K, reserved 1056768K
  class space    used 974K, capacity 1090K, committed 1152K, reserved 1048576K
}
Event: 1048.251 GC heap after
{Heap after GC invocations=4 (full 0):
 garbage-first heap   total 61440K, used 4321K [0x00000000c5000000, 0x0000000100000000)
  region size 1024K, 1 young (1024K), 1 survivors (1024K)
 Metaspace       used 8682K, capacity 8895K, committed 9088K, reserved 1056768K
  class space    used 974K, capacity 1090K, committed 1152K, reserved 1048576K
}
Event: 2106.124 GC heap before
{Heap before GC invocations=4 (full 0):
 garbage-first heap   total 61440K, used 40161K [0x00000000c5000000, 0x0000000100000000)
  region size 1024K, 36 young (36864K), 1 survivors (1024K)
 Metaspace       used 8682K, capacity 8895K, committed 9088K, reserved 1056768K
  class space    used 974K, capacity 1090K, committed 1152K, reserved 1048576K
}
Event: 2106.124 GC heap after
{Heap after GC invocations=5 (full 0):
 garbage-first heap   total 61440K, used 4214K [0x00000000c5000000, 0x0000000100000000)
  region size 1024K, 1 young (1024K), 1 survivors (1024K)
 Metaspace       used 8682K, capacity 8895K, committed 9088K, reserved 1056768K
  class space    used 974K, capacity 1090K, committed 1152K, reserved 1048576K
}
Event: 3160.983 GC heap before
{Heap before GC invocations=5 (full 0):
 garbage-first heap   total 61440K, used 40054K [0x00000000c5000000, 0x0000000100000000)
  region size 1024K, 36 young (36864K), 1 survivors (1024K)
 Metaspace       used 8685K, capacity 8895K, committed 9088K, reserved 1056768K
  class space    used 974K, capacity 1090K, committed 1152K, reserved 1048576K
}
Event: 3160.984 GC heap after
{Heap after GC invocations=6 (full 0):
 garbage-first heap   total 61440K, used 4214K [0x00000000c5000000, 0x0000000100000000)
  region size 1024K, 1 young (1024K), 1 survivors (1024K)
 Metaspace       used 8685K, capacity 8895K, committed 9088K, reserved 1056768K
  class space    used 974K, capacity 1090K, committed 1152K, reserved 1048576K
}
Event: 4217.350 GC heap before
{Heap before GC invocations=6 (full 0):
 garbage-first heap   total 61440K, used 40054K [0x00000000c5000000, 0x0000000100000000)
  region size 1024K, 36 young (36864K), 1 survivors (1024K)
 Metaspace       used 8686K, capacity 8895K, committed 9088K, reserved 1056768K
  class space    used 974K, capacity 1090K, committed 1152K, reserved 1048576K
}
Event: 4217.351 GC heap after
{Heap after GC invocations=7 (full 0):
 garbage-first heap   total 61440K, used 4211K [0x00000000c5000000, 0x0000000100000000)
  region size 1024K, 1 young (1024K), 1 survivors (1024K)
 Metaspace       used 8686K, capacity 8895K, committed 9088K, reserved 1056768K
  class space    used 974K, capacity 1090K, committed 1152K, reserved 1048576K
}
Event: 5262.107 GC heap before
{Heap before GC invocations=7 (full 0):
 garbage-first heap   total 61440K, used 40051K [0x00000000c5000000, 0x0000000100000000)
  region size 1024K, 36 young (36864K), 1 survivors (1024K)
 Metaspace       used 8686K, capacity 8895K, committed 9088K, reserved 1056768K
  class space    used 974K, capacity 1090K, committed 1152K, reserved 1048576K
}
Event: 5262.108 GC heap after
{Heap after GC invocations=8 (full 0):
 garbage-first heap   total 61440K, used 4209K [0x00000000c5000000, 0x0000000100000000)
  region size 1024K, 1 young (1024K), 1 survivors (1024K)
 Metaspace       used 8686K, capacity 8895K, committed 9088K, reserved 1056768K
  class space    used 974K, capacity 1090K, committed 1152K, reserved 1048576K
}

